<?xml version="1.0" encoding="UTF-8"?>
<testsuite name="CalculadoraTest" tests="1000" skipped="0" failures="0" errors="0" timestamp="2023-03-09T17:03:40" hostname="3500-MAT31183" time="1.049">
  <properties/>
  <testcase name="Multiplicando :0" classname="CalculadoraTest" time="0.009"/>
  <testcase name="Multiplicando :1" classname="CalculadoraTest" time="0.0"/>
  <testcase name="Multiplicando :2" classname="CalculadoraTest" time="0.0"/>
  <testcase name="Multiplicando :3" classname="CalculadoraTest" time="0.0"/>
  <testcase name="Multiplicando :4" classname="CalculadoraTest" time="0.0"/>
  <testcase name="Multiplicando :5" classname="CalculadoraTest" time="0.0"/>
  <testcase name="Multiplicando :6" classname="CalculadoraTest" time="0.001"/>
  <testcase name="Multiplicando :7" classname="CalculadoraTest" time="0.001"/>
  <testcase name="Multiplicando :8" classname="CalculadoraTest" time="0.0"/>
  <testcase name="Multiplicando :9" classname="CalculadoraTest" time="0.0"/>
  <testcase name="Multiplicando :10" classname="CalculadoraTest" time="0.0"/>
  <testcase name="Multiplicando :11" classname="CalculadoraTest" time="0.0"/>
  <testcase name="Multiplicando :12" classname="CalculadoraTest" time="0.0"/>
  <testcase name="Multiplicando :13" classname="CalculadoraTest" time="0.0"/>
  <testcase name="Multiplicando :14" classname="CalculadoraTest" time="0.0"/>
  <testcase name="Multiplicando :15" classname="CalculadoraTest" time="0.0"/>
  <testcase name="Multiplicando :16" classname="CalculadoraTest" time="0.0"/>
  <testcase name="Multiplicando :17" classname="CalculadoraTest" time="0.0"/>
  <testcase name="Multiplicando :18" classname="CalculadoraTest" time="0.0"/>
  <testcase name="Multiplicando :19" classname="CalculadoraTest" time="0.0"/>
  <testcase name="Multiplicando :20" classname="CalculadoraTest" time="0.0"/>
  <testcase name="Multiplicando :21" classname="CalculadoraTest" time="0.0"/>
  <testcase name="Multiplicando :22" classname="CalculadoraTest" time="0.0"/>
  <testcase name="Multiplicando :23" classname="CalculadoraTest" time="0.0"/>
  <testcase name="Multiplicando :24" classname="CalculadoraTest" time="0.0"/>
  <testcase name="Multiplicando :25" classname="CalculadoraTest" time="0.001"/>
  <testcase name="Multiplicando :26" classname="CalculadoraTest" time="0.0"/>
  <testcase name="Multiplicando :27" classname="CalculadoraTest" time="0.0"/>
  <testcase name="Multiplicando :28" classname="CalculadoraTest" time="0.0"/>
  <testcase name="Multiplicando :29" classname="CalculadoraTest" time="0.0"/>
  <testcase name="Multiplicando :30" classname="CalculadoraTest" time="0.001"/>
  <testcase name="Multiplicando :31" classname="CalculadoraTest" time="0.0"/>
  <testcase name="Multiplicando :32" classname="CalculadoraTest" time="0.0"/>
  <testcase name="Multiplicando :33" classname="CalculadoraTest" time="0.001"/>
  <testcase name="Multiplicando :34" classname="CalculadoraTest" time="0.0"/>
  <testcase name="Multiplicando :35" classname="CalculadoraTest" time="0.0"/>
  <testcase name="Multiplicando :36" classname="CalculadoraTest" time="0.0"/>
  <testcase name="Multiplicando :37" classname="CalculadoraTest" time="0.0"/>
  <testcase name="Multiplicando :38" classname="CalculadoraTest" time="0.0"/>
  <testcase name="Multiplicando :39" classname="CalculadoraTest" time="0.001"/>
  <testcase name="Multiplicando :40" classname="CalculadoraTest" time="0.0"/>
  <testcase name="Multiplicando :41" classname="CalculadoraTest" time="0.0"/>
  <testcase name="Multiplicando :42" classname="CalculadoraTest" time="0.0"/>
  <testcase name="Multiplicando :43" classname="CalculadoraTest" time="0.0"/>
  <testcase name="Multiplicando :44" classname="CalculadoraTest" time="0.001"/>
  <testcase name="Multiplicando :45" classname="CalculadoraTest" time="0.0"/>
  <testcase name="Multiplicando :46" classname="CalculadoraTest" time="0.0"/>
  <testcase name="Multiplicando :47" classname="CalculadoraTest" time="0.0"/>
  <testcase name="Multiplicando :48" classname="CalculadoraTest" time="0.0"/>
  <testcase name="Multiplicando :49" classname="CalculadoraTest" time="0.0"/>
  <testcase name="Multiplicando :50" classname="CalculadoraTest" time="0.0"/>
  <testcase name="Multiplicando :51" classname="CalculadoraTest" time="0.001"/>
  <testcase name="Multiplicando :52" classname="CalculadoraTest" time="0.0"/>
  <testcase name="Multiplicando :53" classname="CalculadoraTest" time="0.0"/>
  <testcase name="Multiplicando :54" classname="CalculadoraTest" time="0.001"/>
  <testcase name="Multiplicando :55" classname="CalculadoraTest" time="0.0"/>
  <testcase name="Multiplicando :56" classname="CalculadoraTest" time="0.001"/>
  <testcase name="Multiplicando :57" classname="CalculadoraTest" time="0.0"/>
  <testcase name="Multiplicando :58" classname="CalculadoraTest" time="0.0"/>
  <testcase name="Multiplicando :59" classname="CalculadoraTest" time="0.0"/>
  <testcase name="Multiplicando :60" classname="CalculadoraTest" time="0.0"/>
  <testcase name="Multiplicando :61" classname="CalculadoraTest" time="0.0"/>
  <testcase name="Multiplicando :62" classname="CalculadoraTest" time="0.0"/>
  <testcase name="Multiplicando :63" classname="CalculadoraTest" time="0.0"/>
  <testcase name="Multiplicando :64" classname="CalculadoraTest" time="0.0"/>
  <testcase name="Multiplicando :65" classname="CalculadoraTest" time="0.0"/>
  <testcase name="Multiplicando :66" classname="CalculadoraTest" time="0.0"/>
  <testcase name="Multiplicando :67" classname="CalculadoraTest" time="0.0"/>
  <testcase name="Multiplicando :68" classname="CalculadoraTest" time="0.0"/>
  <testcase name="Multiplicando :69" classname="CalculadoraTest" time="0.0"/>
  <testcase name="Multiplicando :70" classname="CalculadoraTest" time="0.0"/>
  <testcase name="Multiplicando :71" classname="CalculadoraTest" time="0.0"/>
  <testcase name="Multiplicando :72" classname="CalculadoraTest" time="0.0"/>
  <testcase name="Multiplicando :73" classname="CalculadoraTest" time="0.0"/>
  <testcase name="Multiplicando :74" classname="CalculadoraTest" time="0.0"/>
  <testcase name="Multiplicando :75" classname="CalculadoraTest" time="0.001"/>
  <testcase name="Multiplicando :76" classname="CalculadoraTest" time="0.0"/>
  <testcase name="Multiplicando :77" classname="CalculadoraTest" time="0.0"/>
  <testcase name="Multiplicando :78" classname="CalculadoraTest" time="0.0"/>
  <testcase name="Multiplicando :79" classname="CalculadoraTest" time="0.0"/>
  <testcase name="Multiplicando :80" classname="CalculadoraTest" time="0.0"/>
  <testcase name="Multiplicando :81" classname="CalculadoraTest" time="0.0"/>
  <testcase name="Multiplicando :82" classname="CalculadoraTest" time="0.0"/>
  <testcase name="Multiplicando :83" classname="CalculadoraTest" time="0.0"/>
  <testcase name="Multiplicando :84" classname="CalculadoraTest" time="0.0"/>
  <testcase name="Multiplicando :85" classname="CalculadoraTest" time="0.0"/>
  <testcase name="Multiplicando :86" classname="CalculadoraTest" time="0.0"/>
  <testcase name="Multiplicando :87" classname="CalculadoraTest" time="0.0"/>
  <testcase name="Multiplicando :88" classname="CalculadoraTest" time="0.0"/>
  <testcase name="Multiplicando :89" classname="CalculadoraTest" time="0.0"/>
  <testcase name="Multiplicando :90" classname="CalculadoraTest" time="0.0"/>
  <testcase name="Multiplicando :91" classname="CalculadoraTest" time="0.0"/>
  <testcase name="Multiplicando :92" classname="CalculadoraTest" time="0.0"/>
  <testcase name="Multiplicando :93" classname="CalculadoraTest" time="0.0"/>
  <testcase name="Multiplicando :94" classname="CalculadoraTest" time="0.0"/>
  <testcase name="Multiplicando :95" classname="CalculadoraTest" time="0.001"/>
  <testcase name="Multiplicando :96" classname="CalculadoraTest" time="0.0"/>
  <testcase name="Multiplicando :97" classname="CalculadoraTest" time="0.0"/>
  <testcase name="Multiplicando :98" classname="CalculadoraTest" time="0.0"/>
  <testcase name="Multiplicando :99" classname="CalculadoraTest" time="0.0"/>
  <testcase name="Multiplicando :100" classname="CalculadoraTest" time="0.0"/>
  <testcase name="Multiplicando :101" classname="CalculadoraTest" time="0.0"/>
  <testcase name="Multiplicando :102" classname="CalculadoraTest" time="0.001"/>
  <testcase name="Multiplicando :103" classname="CalculadoraTest" time="0.0"/>
  <testcase name="Multiplicando :104" classname="CalculadoraTest" time="0.0"/>
  <testcase name="Multiplicando :105" classname="CalculadoraTest" time="0.0"/>
  <testcase name="Multiplicando :106" classname="CalculadoraTest" time="0.0"/>
  <testcase name="Multiplicando :107" classname="CalculadoraTest" time="0.0"/>
  <testcase name="Multiplicando :108" classname="CalculadoraTest" time="0.001"/>
  <testcase name="Multiplicando :109" classname="CalculadoraTest" time="0.0"/>
  <testcase name="Multiplicando :110" classname="CalculadoraTest" time="0.0"/>
  <testcase name="Multiplicando :111" classname="CalculadoraTest" time="0.0"/>
  <testcase name="Multiplicando :112" classname="CalculadoraTest" time="0.001"/>
  <testcase name="Multiplicando :113" classname="CalculadoraTest" time="0.0"/>
  <testcase name="Multiplicando :114" classname="CalculadoraTest" time="0.001"/>
  <testcase name="Multiplicando :115" classname="CalculadoraTest" time="0.0"/>
  <testcase name="Multiplicando :116" classname="CalculadoraTest" time="0.0"/>
  <testcase name="Multiplicando :117" classname="CalculadoraTest" time="0.0"/>
  <testcase name="Multiplicando :118" classname="CalculadoraTest" time="0.001"/>
  <testcase name="Multiplicando :119" classname="CalculadoraTest" time="0.001"/>
  <testcase name="Multiplicando :120" classname="CalculadoraTest" time="0.001"/>
  <testcase name="Multiplicando :121" classname="CalculadoraTest" time="0.001"/>
  <testcase name="Multiplicando :122" classname="CalculadoraTest" time="0.001"/>
  <testcase name="Multiplicando :123" classname="CalculadoraTest" time="0.001"/>
  <testcase name="Multiplicando :124" classname="CalculadoraTest" time="0.001"/>
  <testcase name="Multiplicando :125" classname="CalculadoraTest" time="0.0"/>
  <testcase name="Multiplicando :126" classname="CalculadoraTest" time="0.0"/>
  <testcase name="Multiplicando :127" classname="CalculadoraTest" time="0.0"/>
  <testcase name="Multiplicando :128" classname="CalculadoraTest" time="0.0"/>
  <testcase name="Multiplicando :129" classname="CalculadoraTest" time="0.001"/>
  <testcase name="Multiplicando :130" classname="CalculadoraTest" time="0.0"/>
  <testcase name="Multiplicando :131" classname="CalculadoraTest" time="0.0"/>
  <testcase name="Multiplicando :132" classname="CalculadoraTest" time="0.0"/>
  <testcase name="Multiplicando :133" classname="CalculadoraTest" time="0.0"/>
  <testcase name="Multiplicando :134" classname="CalculadoraTest" time="0.001"/>
  <testcase name="Multiplicando :135" classname="CalculadoraTest" time="0.0"/>
  <testcase name="Multiplicando :136" classname="CalculadoraTest" time="0.001"/>
  <testcase name="Multiplicando :137" classname="CalculadoraTest" time="0.0"/>
  <testcase name="Multiplicando :138" classname="CalculadoraTest" time="0.0"/>
  <testcase name="Multiplicando :139" classname="CalculadoraTest" time="0.0"/>
  <testcase name="Multiplicando :140" classname="CalculadoraTest" time="0.0"/>
  <testcase name="Multiplicando :141" classname="CalculadoraTest" time="0.0"/>
  <testcase name="Multiplicando :142" classname="CalculadoraTest" time="0.0"/>
  <testcase name="Multiplicando :143" classname="CalculadoraTest" time="0.0"/>
  <testcase name="Multiplicando :144" classname="CalculadoraTest" time="0.0"/>
  <testcase name="Multiplicando :145" classname="CalculadoraTest" time="0.0"/>
  <testcase name="Multiplicando :146" classname="CalculadoraTest" time="0.0"/>
  <testcase name="Multiplicando :147" classname="CalculadoraTest" time="0.001"/>
  <testcase name="Multiplicando :148" classname="CalculadoraTest" time="0.0"/>
  <testcase name="Multiplicando :149" classname="CalculadoraTest" time="0.0"/>
  <testcase name="Multiplicando :150" classname="CalculadoraTest" time="0.0"/>
  <testcase name="Multiplicando :151" classname="CalculadoraTest" time="0.0"/>
  <testcase name="Multiplicando :152" classname="CalculadoraTest" time="0.0"/>
  <testcase name="Multiplicando :153" classname="CalculadoraTest" time="0.0"/>
  <testcase name="Multiplicando :154" classname="CalculadoraTest" time="0.0"/>
  <testcase name="Multiplicando :155" classname="CalculadoraTest" time="0.001"/>
  <testcase name="Multiplicando :156" classname="CalculadoraTest" time="0.0"/>
  <testcase name="Multiplicando :157" classname="CalculadoraTest" time="0.0"/>
  <testcase name="Multiplicando :158" classname="CalculadoraTest" time="0.001"/>
  <testcase name="Multiplicando :159" classname="CalculadoraTest" time="0.0"/>
  <testcase name="Multiplicando :160" classname="CalculadoraTest" time="0.0"/>
  <testcase name="Multiplicando :161" classname="CalculadoraTest" time="0.001"/>
  <testcase name="Multiplicando :162" classname="CalculadoraTest" time="0.0"/>
  <testcase name="Multiplicando :163" classname="CalculadoraTest" time="0.0"/>
  <testcase name="Multiplicando :164" classname="CalculadoraTest" time="0.001"/>
  <testcase name="Multiplicando :165" classname="CalculadoraTest" time="0.0"/>
  <testcase name="Multiplicando :166" classname="CalculadoraTest" time="0.0"/>
  <testcase name="Multiplicando :167" classname="CalculadoraTest" time="0.0"/>
  <testcase name="Multiplicando :168" classname="CalculadoraTest" time="0.0"/>
  <testcase name="Multiplicando :169" classname="CalculadoraTest" time="0.001"/>
  <testcase name="Multiplicando :170" classname="CalculadoraTest" time="0.001"/>
  <testcase name="Multiplicando :171" classname="CalculadoraTest" time="0.0"/>
  <testcase name="Multiplicando :172" classname="CalculadoraTest" time="0.001"/>
  <testcase name="Multiplicando :173" classname="CalculadoraTest" time="0.0"/>
  <testcase name="Multiplicando :174" classname="CalculadoraTest" time="0.0"/>
  <testcase name="Multiplicando :175" classname="CalculadoraTest" time="0.0"/>
  <testcase name="Multiplicando :176" classname="CalculadoraTest" time="0.0"/>
  <testcase name="Multiplicando :177" classname="CalculadoraTest" time="0.001"/>
  <testcase name="Multiplicando :178" classname="CalculadoraTest" time="0.0"/>
  <testcase name="Multiplicando :179" classname="CalculadoraTest" time="0.0"/>
  <testcase name="Multiplicando :180" classname="CalculadoraTest" time="0.001"/>
  <testcase name="Multiplicando :181" classname="CalculadoraTest" time="0.0"/>
  <testcase name="Multiplicando :182" classname="CalculadoraTest" time="0.0"/>
  <testcase name="Multiplicando :183" classname="CalculadoraTest" time="0.0"/>
  <testcase name="Multiplicando :184" classname="CalculadoraTest" time="0.0"/>
  <testcase name="Multiplicando :185" classname="CalculadoraTest" time="0.0"/>
  <testcase name="Multiplicando :186" classname="CalculadoraTest" time="0.0"/>
  <testcase name="Multiplicando :187" classname="CalculadoraTest" time="0.001"/>
  <testcase name="Multiplicando :188" classname="CalculadoraTest" time="0.0"/>
  <testcase name="Multiplicando :189" classname="CalculadoraTest" time="0.001"/>
  <testcase name="Multiplicando :190" classname="CalculadoraTest" time="0.003"/>
  <testcase name="Multiplicando :191" classname="CalculadoraTest" time="0.002"/>
  <testcase name="Multiplicando :192" classname="CalculadoraTest" time="0.0"/>
  <testcase name="Multiplicando :193" classname="CalculadoraTest" time="0.001"/>
  <testcase name="Multiplicando :194" classname="CalculadoraTest" time="0.0"/>
  <testcase name="Multiplicando :195" classname="CalculadoraTest" time="0.0"/>
  <testcase name="Multiplicando :196" classname="CalculadoraTest" time="0.001"/>
  <testcase name="Multiplicando :197" classname="CalculadoraTest" time="0.0"/>
  <testcase name="Multiplicando :198" classname="CalculadoraTest" time="0.0"/>
  <testcase name="Multiplicando :199" classname="CalculadoraTest" time="0.0"/>
  <testcase name="Multiplicando :200" classname="CalculadoraTest" time="0.0"/>
  <testcase name="Multiplicando :201" classname="CalculadoraTest" time="0.0"/>
  <testcase name="Multiplicando :202" classname="CalculadoraTest" time="0.0"/>
  <testcase name="Multiplicando :203" classname="CalculadoraTest" time="0.001"/>
  <testcase name="Multiplicando :204" classname="CalculadoraTest" time="0.007"/>
  <testcase name="Multiplicando :205" classname="CalculadoraTest" time="0.001"/>
  <testcase name="Multiplicando :206" classname="CalculadoraTest" time="0.001"/>
  <testcase name="Multiplicando :207" classname="CalculadoraTest" time="0.0"/>
  <testcase name="Multiplicando :208" classname="CalculadoraTest" time="0.002"/>
  <testcase name="Multiplicando :209" classname="CalculadoraTest" time="0.001"/>
  <testcase name="Multiplicando :210" classname="CalculadoraTest" time="0.001"/>
  <testcase name="Multiplicando :211" classname="CalculadoraTest" time="0.0"/>
  <testcase name="Multiplicando :212" classname="CalculadoraTest" time="0.002"/>
  <testcase name="Multiplicando :213" classname="CalculadoraTest" time="0.001"/>
  <testcase name="Multiplicando :214" classname="CalculadoraTest" time="0.001"/>
  <testcase name="Multiplicando :215" classname="CalculadoraTest" time="0.001"/>
  <testcase name="Multiplicando :216" classname="CalculadoraTest" time="0.0"/>
  <testcase name="Multiplicando :217" classname="CalculadoraTest" time="0.0"/>
  <testcase name="Multiplicando :218" classname="CalculadoraTest" time="0.0"/>
  <testcase name="Multiplicando :219" classname="CalculadoraTest" time="0.005"/>
  <testcase name="Multiplicando :220" classname="CalculadoraTest" time="0.0"/>
  <testcase name="Multiplicando :221" classname="CalculadoraTest" time="0.0"/>
  <testcase name="Multiplicando :222" classname="CalculadoraTest" time="0.001"/>
  <testcase name="Multiplicando :223" classname="CalculadoraTest" time="0.001"/>
  <testcase name="Multiplicando :224" classname="CalculadoraTest" time="0.0"/>
  <testcase name="Multiplicando :225" classname="CalculadoraTest" time="0.0"/>
  <testcase name="Multiplicando :226" classname="CalculadoraTest" time="0.0"/>
  <testcase name="Multiplicando :227" classname="CalculadoraTest" time="0.001"/>
  <testcase name="Multiplicando :228" classname="CalculadoraTest" time="0.001"/>
  <testcase name="Multiplicando :229" classname="CalculadoraTest" time="0.0"/>
  <testcase name="Multiplicando :230" classname="CalculadoraTest" time="0.004"/>
  <testcase name="Multiplicando :231" classname="CalculadoraTest" time="0.001"/>
  <testcase name="Multiplicando :232" classname="CalculadoraTest" time="0.01"/>
  <testcase name="Multiplicando :233" classname="CalculadoraTest" time="0.001"/>
  <testcase name="Multiplicando :234" classname="CalculadoraTest" time="0.0"/>
  <testcase name="Multiplicando :235" classname="CalculadoraTest" time="0.001"/>
  <testcase name="Multiplicando :236" classname="CalculadoraTest" time="0.001"/>
  <testcase name="Multiplicando :237" classname="CalculadoraTest" time="0.0"/>
  <testcase name="Multiplicando :238" classname="CalculadoraTest" time="0.0"/>
  <testcase name="Multiplicando :239" classname="CalculadoraTest" time="0.0"/>
  <testcase name="Multiplicando :240" classname="CalculadoraTest" time="0.001"/>
  <testcase name="Multiplicando :241" classname="CalculadoraTest" time="0.0"/>
  <testcase name="Multiplicando :242" classname="CalculadoraTest" time="0.001"/>
  <testcase name="Multiplicando :243" classname="CalculadoraTest" time="0.001"/>
  <testcase name="Multiplicando :244" classname="CalculadoraTest" time="0.0"/>
  <testcase name="Multiplicando :245" classname="CalculadoraTest" time="0.0"/>
  <testcase name="Multiplicando :246" classname="CalculadoraTest" time="0.001"/>
  <testcase name="Multiplicando :247" classname="CalculadoraTest" time="0.0"/>
  <testcase name="Multiplicando :248" classname="CalculadoraTest" time="0.001"/>
  <testcase name="Multiplicando :249" classname="CalculadoraTest" time="0.001"/>
  <testcase name="Multiplicando :250" classname="CalculadoraTest" time="0.0"/>
  <testcase name="Multiplicando :251" classname="CalculadoraTest" time="0.002"/>
  <testcase name="Multiplicando :252" classname="CalculadoraTest" time="0.001"/>
  <testcase name="Multiplicando :253" classname="CalculadoraTest" time="0.001"/>
  <testcase name="Multiplicando :254" classname="CalculadoraTest" time="0.001"/>
  <testcase name="Multiplicando :255" classname="CalculadoraTest" time="0.0"/>
  <testcase name="Multiplicando :256" classname="CalculadoraTest" time="0.0"/>
  <testcase name="Multiplicando :257" classname="CalculadoraTest" time="0.001"/>
  <testcase name="Multiplicando :258" classname="CalculadoraTest" time="0.0"/>
  <testcase name="Multiplicando :259" classname="CalculadoraTest" time="0.0"/>
  <testcase name="Multiplicando :260" classname="CalculadoraTest" time="0.0"/>
  <testcase name="Multiplicando :261" classname="CalculadoraTest" time="0.0"/>
  <testcase name="Multiplicando :262" classname="CalculadoraTest" time="0.001"/>
  <testcase name="Multiplicando :263" classname="CalculadoraTest" time="0.0"/>
  <testcase name="Multiplicando :264" classname="CalculadoraTest" time="0.0"/>
  <testcase name="Multiplicando :265" classname="CalculadoraTest" time="0.001"/>
  <testcase name="Multiplicando :266" classname="CalculadoraTest" time="0.001"/>
  <testcase name="Multiplicando :267" classname="CalculadoraTest" time="0.001"/>
  <testcase name="Multiplicando :268" classname="CalculadoraTest" time="0.0"/>
  <testcase name="Multiplicando :269" classname="CalculadoraTest" time="0.0"/>
  <testcase name="Multiplicando :270" classname="CalculadoraTest" time="0.0"/>
  <testcase name="Multiplicando :271" classname="CalculadoraTest" time="0.001"/>
  <testcase name="Multiplicando :272" classname="CalculadoraTest" time="0.0"/>
  <testcase name="Multiplicando :273" classname="CalculadoraTest" time="0.0"/>
  <testcase name="Multiplicando :274" classname="CalculadoraTest" time="0.0"/>
  <testcase name="Multiplicando :275" classname="CalculadoraTest" time="0.001"/>
  <testcase name="Multiplicando :276" classname="CalculadoraTest" time="0.0"/>
  <testcase name="Multiplicando :277" classname="CalculadoraTest" time="0.0"/>
  <testcase name="Multiplicando :278" classname="CalculadoraTest" time="0.0"/>
  <testcase name="Multiplicando :279" classname="CalculadoraTest" time="0.001"/>
  <testcase name="Multiplicando :280" classname="CalculadoraTest" time="0.0"/>
  <testcase name="Multiplicando :281" classname="CalculadoraTest" time="0.0"/>
  <testcase name="Multiplicando :282" classname="CalculadoraTest" time="0.0"/>
  <testcase name="Multiplicando :283" classname="CalculadoraTest" time="0.0"/>
  <testcase name="Multiplicando :284" classname="CalculadoraTest" time="0.0"/>
  <testcase name="Multiplicando :285" classname="CalculadoraTest" time="0.0"/>
  <testcase name="Multiplicando :286" classname="CalculadoraTest" time="0.0"/>
  <testcase name="Multiplicando :287" classname="CalculadoraTest" time="0.0"/>
  <testcase name="Multiplicando :288" classname="CalculadoraTest" time="0.0"/>
  <testcase name="Multiplicando :289" classname="CalculadoraTest" time="0.0"/>
  <testcase name="Multiplicando :290" classname="CalculadoraTest" time="0.0"/>
  <testcase name="Multiplicando :291" classname="CalculadoraTest" time="0.0"/>
  <testcase name="Multiplicando :292" classname="CalculadoraTest" time="0.0"/>
  <testcase name="Multiplicando :293" classname="CalculadoraTest" time="0.001"/>
  <testcase name="Multiplicando :294" classname="CalculadoraTest" time="0.001"/>
  <testcase name="Multiplicando :295" classname="CalculadoraTest" time="0.001"/>
  <testcase name="Multiplicando :296" classname="CalculadoraTest" time="0.001"/>
  <testcase name="Multiplicando :297" classname="CalculadoraTest" time="0.0"/>
  <testcase name="Multiplicando :298" classname="CalculadoraTest" time="0.001"/>
  <testcase name="Multiplicando :299" classname="CalculadoraTest" time="0.0"/>
  <testcase name="Multiplicando :300" classname="CalculadoraTest" time="0.0"/>
  <testcase name="Multiplicando :301" classname="CalculadoraTest" time="0.001"/>
  <testcase name="Multiplicando :302" classname="CalculadoraTest" time="0.001"/>
  <testcase name="Multiplicando :303" classname="CalculadoraTest" time="0.0"/>
  <testcase name="Multiplicando :304" classname="CalculadoraTest" time="0.0"/>
  <testcase name="Multiplicando :305" classname="CalculadoraTest" time="0.001"/>
  <testcase name="Multiplicando :306" classname="CalculadoraTest" time="0.0"/>
  <testcase name="Multiplicando :307" classname="CalculadoraTest" time="0.0"/>
  <testcase name="Multiplicando :308" classname="CalculadoraTest" time="0.0"/>
  <testcase name="Multiplicando :309" classname="CalculadoraTest" time="0.0"/>
  <testcase name="Multiplicando :310" classname="CalculadoraTest" time="0.0"/>
  <testcase name="Multiplicando :311" classname="CalculadoraTest" time="0.0"/>
  <testcase name="Multiplicando :312" classname="CalculadoraTest" time="0.0"/>
  <testcase name="Multiplicando :313" classname="CalculadoraTest" time="0.0"/>
  <testcase name="Multiplicando :314" classname="CalculadoraTest" time="0.0"/>
  <testcase name="Multiplicando :315" classname="CalculadoraTest" time="0.0"/>
  <testcase name="Multiplicando :316" classname="CalculadoraTest" time="0.0"/>
  <testcase name="Multiplicando :317" classname="CalculadoraTest" time="0.0"/>
  <testcase name="Multiplicando :318" classname="CalculadoraTest" time="0.001"/>
  <testcase name="Multiplicando :319" classname="CalculadoraTest" time="0.0"/>
  <testcase name="Multiplicando :320" classname="CalculadoraTest" time="0.0"/>
  <testcase name="Multiplicando :321" classname="CalculadoraTest" time="0.0"/>
  <testcase name="Multiplicando :322" classname="CalculadoraTest" time="0.0"/>
  <testcase name="Multiplicando :323" classname="CalculadoraTest" time="0.0"/>
  <testcase name="Multiplicando :324" classname="CalculadoraTest" time="0.001"/>
  <testcase name="Multiplicando :325" classname="CalculadoraTest" time="0.001"/>
  <testcase name="Multiplicando :326" classname="CalculadoraTest" time="0.001"/>
  <testcase name="Multiplicando :327" classname="CalculadoraTest" time="0.001"/>
  <testcase name="Multiplicando :328" classname="CalculadoraTest" time="0.001"/>
  <testcase name="Multiplicando :329" classname="CalculadoraTest" time="0.001"/>
  <testcase name="Multiplicando :330" classname="CalculadoraTest" time="0.0"/>
  <testcase name="Multiplicando :331" classname="CalculadoraTest" time="0.0"/>
  <testcase name="Multiplicando :332" classname="CalculadoraTest" time="0.0"/>
  <testcase name="Multiplicando :333" classname="CalculadoraTest" time="0.0"/>
  <testcase name="Multiplicando :334" classname="CalculadoraTest" time="0.0"/>
  <testcase name="Multiplicando :335" classname="CalculadoraTest" time="0.001"/>
  <testcase name="Multiplicando :336" classname="CalculadoraTest" time="0.0"/>
  <testcase name="Multiplicando :337" classname="CalculadoraTest" time="0.001"/>
  <testcase name="Multiplicando :338" classname="CalculadoraTest" time="0.0"/>
  <testcase name="Multiplicando :339" classname="CalculadoraTest" time="0.0"/>
  <testcase name="Multiplicando :340" classname="CalculadoraTest" time="0.0"/>
  <testcase name="Multiplicando :341" classname="CalculadoraTest" time="0.001"/>
  <testcase name="Multiplicando :342" classname="CalculadoraTest" time="0.001"/>
  <testcase name="Multiplicando :343" classname="CalculadoraTest" time="0.0"/>
  <testcase name="Multiplicando :344" classname="CalculadoraTest" time="0.001"/>
  <testcase name="Multiplicando :345" classname="CalculadoraTest" time="0.0"/>
  <testcase name="Multiplicando :346" classname="CalculadoraTest" time="0.0"/>
  <testcase name="Multiplicando :347" classname="CalculadoraTest" time="0.0"/>
  <testcase name="Multiplicando :348" classname="CalculadoraTest" time="0.0"/>
  <testcase name="Multiplicando :349" classname="CalculadoraTest" time="0.001"/>
  <testcase name="Multiplicando :350" classname="CalculadoraTest" time="0.0"/>
  <testcase name="Multiplicando :351" classname="CalculadoraTest" time="0.0"/>
  <testcase name="Multiplicando :352" classname="CalculadoraTest" time="0.001"/>
  <testcase name="Multiplicando :353" classname="CalculadoraTest" time="0.038"/>
  <testcase name="Multiplicando :354" classname="CalculadoraTest" time="0.0"/>
  <testcase name="Multiplicando :355" classname="CalculadoraTest" time="0.0"/>
  <testcase name="Multiplicando :356" classname="CalculadoraTest" time="0.001"/>
  <testcase name="Multiplicando :357" classname="CalculadoraTest" time="0.001"/>
  <testcase name="Multiplicando :358" classname="CalculadoraTest" time="0.0"/>
  <testcase name="Multiplicando :359" classname="CalculadoraTest" time="0.0"/>
  <testcase name="Multiplicando :360" classname="CalculadoraTest" time="0.0"/>
  <testcase name="Multiplicando :361" classname="CalculadoraTest" time="0.001"/>
  <testcase name="Multiplicando :362" classname="CalculadoraTest" time="0.004"/>
  <testcase name="Multiplicando :363" classname="CalculadoraTest" time="0.001"/>
  <testcase name="Multiplicando :364" classname="CalculadoraTest" time="0.0"/>
  <testcase name="Multiplicando :365" classname="CalculadoraTest" time="0.0"/>
  <testcase name="Multiplicando :366" classname="CalculadoraTest" time="0.0"/>
  <testcase name="Multiplicando :367" classname="CalculadoraTest" time="0.0"/>
  <testcase name="Multiplicando :368" classname="CalculadoraTest" time="0.0"/>
  <testcase name="Multiplicando :369" classname="CalculadoraTest" time="0.001"/>
  <testcase name="Multiplicando :370" classname="CalculadoraTest" time="0.0"/>
  <testcase name="Multiplicando :371" classname="CalculadoraTest" time="0.001"/>
  <testcase name="Multiplicando :372" classname="CalculadoraTest" time="0.0"/>
  <testcase name="Multiplicando :373" classname="CalculadoraTest" time="0.0"/>
  <testcase name="Multiplicando :374" classname="CalculadoraTest" time="0.001"/>
  <testcase name="Multiplicando :375" classname="CalculadoraTest" time="0.0"/>
  <testcase name="Multiplicando :376" classname="CalculadoraTest" time="0.0"/>
  <testcase name="Multiplicando :377" classname="CalculadoraTest" time="0.0"/>
  <testcase name="Multiplicando :378" classname="CalculadoraTest" time="0.0"/>
  <testcase name="Multiplicando :379" classname="CalculadoraTest" time="0.0"/>
  <testcase name="Multiplicando :380" classname="CalculadoraTest" time="0.0"/>
  <testcase name="Multiplicando :381" classname="CalculadoraTest" time="0.0"/>
  <testcase name="Multiplicando :382" classname="CalculadoraTest" time="0.001"/>
  <testcase name="Multiplicando :383" classname="CalculadoraTest" time="0.0"/>
  <testcase name="Multiplicando :384" classname="CalculadoraTest" time="0.0"/>
  <testcase name="Multiplicando :385" classname="CalculadoraTest" time="0.0"/>
  <testcase name="Multiplicando :386" classname="CalculadoraTest" time="0.001"/>
  <testcase name="Multiplicando :387" classname="CalculadoraTest" time="0.0"/>
  <testcase name="Multiplicando :388" classname="CalculadoraTest" time="0.001"/>
  <testcase name="Multiplicando :389" classname="CalculadoraTest" time="0.0"/>
  <testcase name="Multiplicando :390" classname="CalculadoraTest" time="0.001"/>
  <testcase name="Multiplicando :391" classname="CalculadoraTest" time="0.0"/>
  <testcase name="Multiplicando :392" classname="CalculadoraTest" time="0.0"/>
  <testcase name="Multiplicando :393" classname="CalculadoraTest" time="0.0"/>
  <testcase name="Multiplicando :394" classname="CalculadoraTest" time="0.0"/>
  <testcase name="Multiplicando :395" classname="CalculadoraTest" time="0.0"/>
  <testcase name="Multiplicando :396" classname="CalculadoraTest" time="0.001"/>
  <testcase name="Multiplicando :397" classname="CalculadoraTest" time="0.0"/>
  <testcase name="Multiplicando :398" classname="CalculadoraTest" time="0.0"/>
  <testcase name="Multiplicando :399" classname="CalculadoraTest" time="0.0"/>
  <testcase name="Multiplicando :400" classname="CalculadoraTest" time="0.0"/>
  <testcase name="Multiplicando :401" classname="CalculadoraTest" time="0.001"/>
  <testcase name="Multiplicando :402" classname="CalculadoraTest" time="0.0"/>
  <testcase name="Multiplicando :403" classname="CalculadoraTest" time="0.0"/>
  <testcase name="Multiplicando :404" classname="CalculadoraTest" time="0.0"/>
  <testcase name="Multiplicando :405" classname="CalculadoraTest" time="0.0"/>
  <testcase name="Multiplicando :406" classname="CalculadoraTest" time="0.0"/>
  <testcase name="Multiplicando :407" classname="CalculadoraTest" time="0.0"/>
  <testcase name="Multiplicando :408" classname="CalculadoraTest" time="0.0"/>
  <testcase name="Multiplicando :409" classname="CalculadoraTest" time="0.0"/>
  <testcase name="Multiplicando :410" classname="CalculadoraTest" time="0.0"/>
  <testcase name="Multiplicando :411" classname="CalculadoraTest" time="0.001"/>
  <testcase name="Multiplicando :412" classname="CalculadoraTest" time="0.0"/>
  <testcase name="Multiplicando :413" classname="CalculadoraTest" time="0.001"/>
  <testcase name="Multiplicando :414" classname="CalculadoraTest" time="0.001"/>
  <testcase name="Multiplicando :415" classname="CalculadoraTest" time="0.001"/>
  <testcase name="Multiplicando :416" classname="CalculadoraTest" time="0.002"/>
  <testcase name="Multiplicando :417" classname="CalculadoraTest" time="0.0"/>
  <testcase name="Multiplicando :418" classname="CalculadoraTest" time="0.0"/>
  <testcase name="Multiplicando :419" classname="CalculadoraTest" time="0.0"/>
  <testcase name="Multiplicando :420" classname="CalculadoraTest" time="0.0"/>
  <testcase name="Multiplicando :421" classname="CalculadoraTest" time="0.0"/>
  <testcase name="Multiplicando :422" classname="CalculadoraTest" time="0.0"/>
  <testcase name="Multiplicando :423" classname="CalculadoraTest" time="0.001"/>
  <testcase name="Multiplicando :424" classname="CalculadoraTest" time="0.0"/>
  <testcase name="Multiplicando :425" classname="CalculadoraTest" time="0.0"/>
  <testcase name="Multiplicando :426" classname="CalculadoraTest" time="0.0"/>
  <testcase name="Multiplicando :427" classname="CalculadoraTest" time="0.001"/>
  <testcase name="Multiplicando :428" classname="CalculadoraTest" time="0.0"/>
  <testcase name="Multiplicando :429" classname="CalculadoraTest" time="0.0"/>
  <testcase name="Multiplicando :430" classname="CalculadoraTest" time="0.0"/>
  <testcase name="Multiplicando :431" classname="CalculadoraTest" time="0.0"/>
  <testcase name="Multiplicando :432" classname="CalculadoraTest" time="0.001"/>
  <testcase name="Multiplicando :433" classname="CalculadoraTest" time="0.0"/>
  <testcase name="Multiplicando :434" classname="CalculadoraTest" time="0.0"/>
  <testcase name="Multiplicando :435" classname="CalculadoraTest" time="0.0"/>
  <testcase name="Multiplicando :436" classname="CalculadoraTest" time="0.0"/>
  <testcase name="Multiplicando :437" classname="CalculadoraTest" time="0.0"/>
  <testcase name="Multiplicando :438" classname="CalculadoraTest" time="0.0"/>
  <testcase name="Multiplicando :439" classname="CalculadoraTest" time="0.0"/>
  <testcase name="Multiplicando :440" classname="CalculadoraTest" time="0.0"/>
  <testcase name="Multiplicando :441" classname="CalculadoraTest" time="0.0"/>
  <testcase name="Multiplicando :442" classname="CalculadoraTest" time="0.0"/>
  <testcase name="Multiplicando :443" classname="CalculadoraTest" time="0.001"/>
  <testcase name="Multiplicando :444" classname="CalculadoraTest" time="0.0"/>
  <testcase name="Multiplicando :445" classname="CalculadoraTest" time="0.0"/>
  <testcase name="Multiplicando :446" classname="CalculadoraTest" time="0.0"/>
  <testcase name="Multiplicando :447" classname="CalculadoraTest" time="0.0"/>
  <testcase name="Multiplicando :448" classname="CalculadoraTest" time="0.0"/>
  <testcase name="Multiplicando :449" classname="CalculadoraTest" time="0.0"/>
  <testcase name="Multiplicando :450" classname="CalculadoraTest" time="0.0"/>
  <testcase name="Multiplicando :451" classname="CalculadoraTest" time="0.0"/>
  <testcase name="Multiplicando :452" classname="CalculadoraTest" time="0.0"/>
  <testcase name="Multiplicando :453" classname="CalculadoraTest" time="0.001"/>
  <testcase name="Multiplicando :454" classname="CalculadoraTest" time="0.0"/>
  <testcase name="Multiplicando :455" classname="CalculadoraTest" time="0.0"/>
  <testcase name="Multiplicando :456" classname="CalculadoraTest" time="0.0"/>
  <testcase name="Multiplicando :457" classname="CalculadoraTest" time="0.0"/>
  <testcase name="Multiplicando :458" classname="CalculadoraTest" time="0.0"/>
  <testcase name="Multiplicando :459" classname="CalculadoraTest" time="0.001"/>
  <testcase name="Multiplicando :460" classname="CalculadoraTest" time="0.001"/>
  <testcase name="Multiplicando :461" classname="CalculadoraTest" time="0.001"/>
  <testcase name="Multiplicando :462" classname="CalculadoraTest" time="0.0"/>
  <testcase name="Multiplicando :463" classname="CalculadoraTest" time="0.0"/>
  <testcase name="Multiplicando :464" classname="CalculadoraTest" time="0.0"/>
  <testcase name="Multiplicando :465" classname="CalculadoraTest" time="0.0"/>
  <testcase name="Multiplicando :466" classname="CalculadoraTest" time="0.0"/>
  <testcase name="Multiplicando :467" classname="CalculadoraTest" time="0.0"/>
  <testcase name="Multiplicando :468" classname="CalculadoraTest" time="0.0"/>
  <testcase name="Multiplicando :469" classname="CalculadoraTest" time="0.0"/>
  <testcase name="Multiplicando :470" classname="CalculadoraTest" time="0.0"/>
  <testcase name="Multiplicando :471" classname="CalculadoraTest" time="0.0"/>
  <testcase name="Multiplicando :472" classname="CalculadoraTest" time="0.0"/>
  <testcase name="Multiplicando :473" classname="CalculadoraTest" time="0.0"/>
  <testcase name="Multiplicando :474" classname="CalculadoraTest" time="0.001"/>
  <testcase name="Multiplicando :475" classname="CalculadoraTest" time="0.0"/>
  <testcase name="Multiplicando :476" classname="CalculadoraTest" time="0.001"/>
  <testcase name="Multiplicando :477" classname="CalculadoraTest" time="0.0"/>
  <testcase name="Multiplicando :478" classname="CalculadoraTest" time="0.001"/>
  <testcase name="Multiplicando :479" classname="CalculadoraTest" time="0.0"/>
  <testcase name="Multiplicando :480" classname="CalculadoraTest" time="0.001"/>
  <testcase name="Multiplicando :481" classname="CalculadoraTest" time="0.0"/>
  <testcase name="Multiplicando :482" classname="CalculadoraTest" time="0.002"/>
  <testcase name="Multiplicando :483" classname="CalculadoraTest" time="0.0"/>
  <testcase name="Multiplicando :484" classname="CalculadoraTest" time="0.0"/>
  <testcase name="Multiplicando :485" classname="CalculadoraTest" time="0.001"/>
  <testcase name="Multiplicando :486" classname="CalculadoraTest" time="0.0"/>
  <testcase name="Multiplicando :487" classname="CalculadoraTest" time="0.001"/>
  <testcase name="Multiplicando :488" classname="CalculadoraTest" time="0.001"/>
  <testcase name="Multiplicando :489" classname="CalculadoraTest" time="0.001"/>
  <testcase name="Multiplicando :490" classname="CalculadoraTest" time="0.0"/>
  <testcase name="Multiplicando :491" classname="CalculadoraTest" time="0.0"/>
  <testcase name="Multiplicando :492" classname="CalculadoraTest" time="0.001"/>
  <testcase name="Multiplicando :493" classname="CalculadoraTest" time="0.0"/>
  <testcase name="Multiplicando :494" classname="CalculadoraTest" time="0.0"/>
  <testcase name="Multiplicando :495" classname="CalculadoraTest" time="0.0"/>
  <testcase name="Multiplicando :496" classname="CalculadoraTest" time="0.0"/>
  <testcase name="Multiplicando :497" classname="CalculadoraTest" time="0.001"/>
  <testcase name="Multiplicando :498" classname="CalculadoraTest" time="0.0"/>
  <testcase name="Multiplicando :499" classname="CalculadoraTest" time="0.0"/>
  <testcase name="Multiplicando :500" classname="CalculadoraTest" time="0.0"/>
  <testcase name="Multiplicando :501" classname="CalculadoraTest" time="0.001"/>
  <testcase name="Multiplicando :502" classname="CalculadoraTest" time="0.0"/>
  <testcase name="Multiplicando :503" classname="CalculadoraTest" time="0.0"/>
  <testcase name="Multiplicando :504" classname="CalculadoraTest" time="0.0"/>
  <testcase name="Multiplicando :505" classname="CalculadoraTest" time="0.0"/>
  <testcase name="Multiplicando :506" classname="CalculadoraTest" time="0.0"/>
  <testcase name="Multiplicando :507" classname="CalculadoraTest" time="0.001"/>
  <testcase name="Multiplicando :508" classname="CalculadoraTest" time="0.0"/>
  <testcase name="Multiplicando :509" classname="CalculadoraTest" time="0.0"/>
  <testcase name="Multiplicando :510" classname="CalculadoraTest" time="0.0"/>
  <testcase name="Multiplicando :511" classname="CalculadoraTest" time="0.001"/>
  <testcase name="Multiplicando :512" classname="CalculadoraTest" time="0.0"/>
  <testcase name="Multiplicando :513" classname="CalculadoraTest" time="0.0"/>
  <testcase name="Multiplicando :514" classname="CalculadoraTest" time="0.001"/>
  <testcase name="Multiplicando :515" classname="CalculadoraTest" time="0.0"/>
  <testcase name="Multiplicando :516" classname="CalculadoraTest" time="0.0"/>
  <testcase name="Multiplicando :517" classname="CalculadoraTest" time="0.0"/>
  <testcase name="Multiplicando :518" classname="CalculadoraTest" time="0.001"/>
  <testcase name="Multiplicando :519" classname="CalculadoraTest" time="0.0"/>
  <testcase name="Multiplicando :520" classname="CalculadoraTest" time="0.0"/>
  <testcase name="Multiplicando :521" classname="CalculadoraTest" time="0.0"/>
  <testcase name="Multiplicando :522" classname="CalculadoraTest" time="0.001"/>
  <testcase name="Multiplicando :523" classname="CalculadoraTest" time="0.0"/>
  <testcase name="Multiplicando :524" classname="CalculadoraTest" time="0.001"/>
  <testcase name="Multiplicando :525" classname="CalculadoraTest" time="0.0"/>
  <testcase name="Multiplicando :526" classname="CalculadoraTest" time="0.001"/>
  <testcase name="Multiplicando :527" classname="CalculadoraTest" time="0.0"/>
  <testcase name="Multiplicando :528" classname="CalculadoraTest" time="0.001"/>
  <testcase name="Multiplicando :529" classname="CalculadoraTest" time="0.001"/>
  <testcase name="Multiplicando :530" classname="CalculadoraTest" time="0.001"/>
  <testcase name="Multiplicando :531" classname="CalculadoraTest" time="0.002"/>
  <testcase name="Multiplicando :532" classname="CalculadoraTest" time="0.0"/>
  <testcase name="Multiplicando :533" classname="CalculadoraTest" time="0.002"/>
  <testcase name="Multiplicando :534" classname="CalculadoraTest" time="0.001"/>
  <testcase name="Multiplicando :535" classname="CalculadoraTest" time="0.001"/>
  <testcase name="Multiplicando :536" classname="CalculadoraTest" time="0.0"/>
  <testcase name="Multiplicando :537" classname="CalculadoraTest" time="0.0"/>
  <testcase name="Multiplicando :538" classname="CalculadoraTest" time="0.0"/>
  <testcase name="Multiplicando :539" classname="CalculadoraTest" time="0.0"/>
  <testcase name="Multiplicando :540" classname="CalculadoraTest" time="0.0"/>
  <testcase name="Multiplicando :541" classname="CalculadoraTest" time="0.0"/>
  <testcase name="Multiplicando :542" classname="CalculadoraTest" time="0.0"/>
  <testcase name="Multiplicando :543" classname="CalculadoraTest" time="0.0"/>
  <testcase name="Multiplicando :544" classname="CalculadoraTest" time="0.0"/>
  <testcase name="Multiplicando :545" classname="CalculadoraTest" time="0.001"/>
  <testcase name="Multiplicando :546" classname="CalculadoraTest" time="0.0"/>
  <testcase name="Multiplicando :547" classname="CalculadoraTest" time="0.001"/>
  <testcase name="Multiplicando :548" classname="CalculadoraTest" time="0.0"/>
  <testcase name="Multiplicando :549" classname="CalculadoraTest" time="0.001"/>
  <testcase name="Multiplicando :550" classname="CalculadoraTest" time="0.0"/>
  <testcase name="Multiplicando :551" classname="CalculadoraTest" time="0.0"/>
  <testcase name="Multiplicando :552" classname="CalculadoraTest" time="0.0"/>
  <testcase name="Multiplicando :553" classname="CalculadoraTest" time="0.0"/>
  <testcase name="Multiplicando :554" classname="CalculadoraTest" time="0.0"/>
  <testcase name="Multiplicando :555" classname="CalculadoraTest" time="0.001"/>
  <testcase name="Multiplicando :556" classname="CalculadoraTest" time="0.0"/>
  <testcase name="Multiplicando :557" classname="CalculadoraTest" time="0.0"/>
  <testcase name="Multiplicando :558" classname="CalculadoraTest" time="0.0"/>
  <testcase name="Multiplicando :559" classname="CalculadoraTest" time="0.0"/>
  <testcase name="Multiplicando :560" classname="CalculadoraTest" time="0.0"/>
  <testcase name="Multiplicando :561" classname="CalculadoraTest" time="0.001"/>
  <testcase name="Multiplicando :562" classname="CalculadoraTest" time="0.0"/>
  <testcase name="Multiplicando :563" classname="CalculadoraTest" time="0.0"/>
  <testcase name="Multiplicando :564" classname="CalculadoraTest" time="0.001"/>
  <testcase name="Multiplicando :565" classname="CalculadoraTest" time="0.0"/>
  <testcase name="Multiplicando :566" classname="CalculadoraTest" time="0.0"/>
  <testcase name="Multiplicando :567" classname="CalculadoraTest" time="0.0"/>
  <testcase name="Multiplicando :568" classname="CalculadoraTest" time="0.0"/>
  <testcase name="Multiplicando :569" classname="CalculadoraTest" time="0.0"/>
  <testcase name="Multiplicando :570" classname="CalculadoraTest" time="0.0"/>
  <testcase name="Multiplicando :571" classname="CalculadoraTest" time="0.0"/>
  <testcase name="Multiplicando :572" classname="CalculadoraTest" time="0.001"/>
  <testcase name="Multiplicando :573" classname="CalculadoraTest" time="0.0"/>
  <testcase name="Multiplicando :574" classname="CalculadoraTest" time="0.0"/>
  <testcase name="Multiplicando :575" classname="CalculadoraTest" time="0.001"/>
  <testcase name="Multiplicando :576" classname="CalculadoraTest" time="0.001"/>
  <testcase name="Multiplicando :577" classname="CalculadoraTest" time="0.0"/>
  <testcase name="Multiplicando :578" classname="CalculadoraTest" time="0.0"/>
  <testcase name="Multiplicando :579" classname="CalculadoraTest" time="0.001"/>
  <testcase name="Multiplicando :580" classname="CalculadoraTest" time="0.0"/>
  <testcase name="Multiplicando :581" classname="CalculadoraTest" time="0.0"/>
  <testcase name="Multiplicando :582" classname="CalculadoraTest" time="0.0"/>
  <testcase name="Multiplicando :583" classname="CalculadoraTest" time="0.001"/>
  <testcase name="Multiplicando :584" classname="CalculadoraTest" time="0.0"/>
  <testcase name="Multiplicando :585" classname="CalculadoraTest" time="0.0"/>
  <testcase name="Multiplicando :586" classname="CalculadoraTest" time="0.0"/>
  <testcase name="Multiplicando :587" classname="CalculadoraTest" time="0.0"/>
  <testcase name="Multiplicando :588" classname="CalculadoraTest" time="0.0"/>
  <testcase name="Multiplicando :589" classname="CalculadoraTest" time="0.0"/>
  <testcase name="Multiplicando :590" classname="CalculadoraTest" time="0.0"/>
  <testcase name="Multiplicando :591" classname="CalculadoraTest" time="0.0"/>
  <testcase name="Multiplicando :592" classname="CalculadoraTest" time="0.0"/>
  <testcase name="Multiplicando :593" classname="CalculadoraTest" time="0.0"/>
  <testcase name="Multiplicando :594" classname="CalculadoraTest" time="0.001"/>
  <testcase name="Multiplicando :595" classname="CalculadoraTest" time="0.0"/>
  <testcase name="Multiplicando :596" classname="CalculadoraTest" time="0.0"/>
  <testcase name="Multiplicando :597" classname="CalculadoraTest" time="0.0"/>
  <testcase name="Multiplicando :598" classname="CalculadoraTest" time="0.0"/>
  <testcase name="Multiplicando :599" classname="CalculadoraTest" time="0.0"/>
  <testcase name="Multiplicando :600" classname="CalculadoraTest" time="0.0"/>
  <testcase name="Multiplicando :601" classname="CalculadoraTest" time="0.0"/>
  <testcase name="Multiplicando :602" classname="CalculadoraTest" time="0.0"/>
  <testcase name="Multiplicando :603" classname="CalculadoraTest" time="0.0"/>
  <testcase name="Multiplicando :604" classname="CalculadoraTest" time="0.0"/>
  <testcase name="Multiplicando :605" classname="CalculadoraTest" time="0.0"/>
  <testcase name="Multiplicando :606" classname="CalculadoraTest" time="0.0"/>
  <testcase name="Multiplicando :607" classname="CalculadoraTest" time="0.0"/>
  <testcase name="Multiplicando :608" classname="CalculadoraTest" time="0.0"/>
  <testcase name="Multiplicando :609" classname="CalculadoraTest" time="0.0"/>
  <testcase name="Multiplicando :610" classname="CalculadoraTest" time="0.0"/>
  <testcase name="Multiplicando :611" classname="CalculadoraTest" time="0.0"/>
  <testcase name="Multiplicando :612" classname="CalculadoraTest" time="0.0"/>
  <testcase name="Multiplicando :613" classname="CalculadoraTest" time="0.0"/>
  <testcase name="Multiplicando :614" classname="CalculadoraTest" time="0.0"/>
  <testcase name="Multiplicando :615" classname="CalculadoraTest" time="0.0"/>
  <testcase name="Multiplicando :616" classname="CalculadoraTest" time="0.0"/>
  <testcase name="Multiplicando :617" classname="CalculadoraTest" time="0.0"/>
  <testcase name="Multiplicando :618" classname="CalculadoraTest" time="0.0"/>
  <testcase name="Multiplicando :619" classname="CalculadoraTest" time="0.001"/>
  <testcase name="Multiplicando :620" classname="CalculadoraTest" time="0.0"/>
  <testcase name="Multiplicando :621" classname="CalculadoraTest" time="0.0"/>
  <testcase name="Multiplicando :622" classname="CalculadoraTest" time="0.0"/>
  <testcase name="Multiplicando :623" classname="CalculadoraTest" time="0.0"/>
  <testcase name="Multiplicando :624" classname="CalculadoraTest" time="0.001"/>
  <testcase name="Multiplicando :625" classname="CalculadoraTest" time="0.001"/>
  <testcase name="Multiplicando :626" classname="CalculadoraTest" time="0.001"/>
  <testcase name="Multiplicando :627" classname="CalculadoraTest" time="0.0"/>
  <testcase name="Multiplicando :628" classname="CalculadoraTest" time="0.0"/>
  <testcase name="Multiplicando :629" classname="CalculadoraTest" time="0.0"/>
  <testcase name="Multiplicando :630" classname="CalculadoraTest" time="0.0"/>
  <testcase name="Multiplicando :631" classname="CalculadoraTest" time="0.0"/>
  <testcase name="Multiplicando :632" classname="CalculadoraTest" time="0.0"/>
  <testcase name="Multiplicando :633" classname="CalculadoraTest" time="0.0"/>
  <testcase name="Multiplicando :634" classname="CalculadoraTest" time="0.001"/>
  <testcase name="Multiplicando :635" classname="CalculadoraTest" time="0.0"/>
  <testcase name="Multiplicando :636" classname="CalculadoraTest" time="0.0"/>
  <testcase name="Multiplicando :637" classname="CalculadoraTest" time="0.001"/>
  <testcase name="Multiplicando :638" classname="CalculadoraTest" time="0.0"/>
  <testcase name="Multiplicando :639" classname="CalculadoraTest" time="0.001"/>
  <testcase name="Multiplicando :640" classname="CalculadoraTest" time="0.0"/>
  <testcase name="Multiplicando :641" classname="CalculadoraTest" time="0.001"/>
  <testcase name="Multiplicando :642" classname="CalculadoraTest" time="0.0"/>
  <testcase name="Multiplicando :643" classname="CalculadoraTest" time="0.001"/>
  <testcase name="Multiplicando :644" classname="CalculadoraTest" time="0.0"/>
  <testcase name="Multiplicando :645" classname="CalculadoraTest" time="0.0"/>
  <testcase name="Multiplicando :646" classname="CalculadoraTest" time="0.0"/>
  <testcase name="Multiplicando :647" classname="CalculadoraTest" time="0.001"/>
  <testcase name="Multiplicando :648" classname="CalculadoraTest" time="0.0"/>
  <testcase name="Multiplicando :649" classname="CalculadoraTest" time="0.0"/>
  <testcase name="Multiplicando :650" classname="CalculadoraTest" time="0.0"/>
  <testcase name="Multiplicando :651" classname="CalculadoraTest" time="0.0"/>
  <testcase name="Multiplicando :652" classname="CalculadoraTest" time="0.0"/>
  <testcase name="Multiplicando :653" classname="CalculadoraTest" time="0.0"/>
  <testcase name="Multiplicando :654" classname="CalculadoraTest" time="0.0"/>
  <testcase name="Multiplicando :655" classname="CalculadoraTest" time="0.0"/>
  <testcase name="Multiplicando :656" classname="CalculadoraTest" time="0.0"/>
  <testcase name="Multiplicando :657" classname="CalculadoraTest" time="0.0"/>
  <testcase name="Multiplicando :658" classname="CalculadoraTest" time="0.0"/>
  <testcase name="Multiplicando :659" classname="CalculadoraTest" time="0.0"/>
  <testcase name="Multiplicando :660" classname="CalculadoraTest" time="0.0"/>
  <testcase name="Multiplicando :661" classname="CalculadoraTest" time="0.0"/>
  <testcase name="Multiplicando :662" classname="CalculadoraTest" time="0.001"/>
  <testcase name="Multiplicando :663" classname="CalculadoraTest" time="0.0"/>
  <testcase name="Multiplicando :664" classname="CalculadoraTest" time="0.0"/>
  <testcase name="Multiplicando :665" classname="CalculadoraTest" time="0.002"/>
  <testcase name="Multiplicando :666" classname="CalculadoraTest" time="0.0"/>
  <testcase name="Multiplicando :667" classname="CalculadoraTest" time="0.0"/>
  <testcase name="Multiplicando :668" classname="CalculadoraTest" time="0.001"/>
  <testcase name="Multiplicando :669" classname="CalculadoraTest" time="0.001"/>
  <testcase name="Multiplicando :670" classname="CalculadoraTest" time="0.001"/>
  <testcase name="Multiplicando :671" classname="CalculadoraTest" time="0.001"/>
  <testcase name="Multiplicando :672" classname="CalculadoraTest" time="0.001"/>
  <testcase name="Multiplicando :673" classname="CalculadoraTest" time="0.0"/>
  <testcase name="Multiplicando :674" classname="CalculadoraTest" time="0.001"/>
  <testcase name="Multiplicando :675" classname="CalculadoraTest" time="0.0"/>
  <testcase name="Multiplicando :676" classname="CalculadoraTest" time="0.0"/>
  <testcase name="Multiplicando :677" classname="CalculadoraTest" time="0.0"/>
  <testcase name="Multiplicando :678" classname="CalculadoraTest" time="0.001"/>
  <testcase name="Multiplicando :679" classname="CalculadoraTest" time="0.0"/>
  <testcase name="Multiplicando :680" classname="CalculadoraTest" time="0.0"/>
  <testcase name="Multiplicando :681" classname="CalculadoraTest" time="0.002"/>
  <testcase name="Multiplicando :682" classname="CalculadoraTest" time="0.0"/>
  <testcase name="Multiplicando :683" classname="CalculadoraTest" time="0.001"/>
  <testcase name="Multiplicando :684" classname="CalculadoraTest" time="0.0"/>
  <testcase name="Multiplicando :685" classname="CalculadoraTest" time="0.0"/>
  <testcase name="Multiplicando :686" classname="CalculadoraTest" time="0.0"/>
  <testcase name="Multiplicando :687" classname="CalculadoraTest" time="0.0"/>
  <testcase name="Multiplicando :688" classname="CalculadoraTest" time="0.0"/>
  <testcase name="Multiplicando :689" classname="CalculadoraTest" time="0.001"/>
  <testcase name="Multiplicando :690" classname="CalculadoraTest" time="0.0"/>
  <testcase name="Multiplicando :691" classname="CalculadoraTest" time="0.0"/>
  <testcase name="Multiplicando :692" classname="CalculadoraTest" time="0.0"/>
  <testcase name="Multiplicando :693" classname="CalculadoraTest" time="0.0"/>
  <testcase name="Multiplicando :694" classname="CalculadoraTest" time="0.001"/>
  <testcase name="Multiplicando :695" classname="CalculadoraTest" time="0.0"/>
  <testcase name="Multiplicando :696" classname="CalculadoraTest" time="0.0"/>
  <testcase name="Multiplicando :697" classname="CalculadoraTest" time="0.047"/>
  <testcase name="Multiplicando :698" classname="CalculadoraTest" time="0.001"/>
  <testcase name="Multiplicando :699" classname="CalculadoraTest" time="0.001"/>
  <testcase name="Multiplicando :700" classname="CalculadoraTest" time="0.0"/>
  <testcase name="Multiplicando :701" classname="CalculadoraTest" time="0.0"/>
  <testcase name="Multiplicando :702" classname="CalculadoraTest" time="0.0"/>
  <testcase name="Multiplicando :703" classname="CalculadoraTest" time="0.001"/>
  <testcase name="Multiplicando :704" classname="CalculadoraTest" time="0.001"/>
  <testcase name="Multiplicando :705" classname="CalculadoraTest" time="0.002"/>
  <testcase name="Multiplicando :706" classname="CalculadoraTest" time="0.0"/>
  <testcase name="Multiplicando :707" classname="CalculadoraTest" time="0.0"/>
  <testcase name="Multiplicando :708" classname="CalculadoraTest" time="0.0"/>
  <testcase name="Multiplicando :709" classname="CalculadoraTest" time="0.0"/>
  <testcase name="Multiplicando :710" classname="CalculadoraTest" time="0.001"/>
  <testcase name="Multiplicando :711" classname="CalculadoraTest" time="0.0"/>
  <testcase name="Multiplicando :712" classname="CalculadoraTest" time="0.0"/>
  <testcase name="Multiplicando :713" classname="CalculadoraTest" time="0.0"/>
  <testcase name="Multiplicando :714" classname="CalculadoraTest" time="0.0"/>
  <testcase name="Multiplicando :715" classname="CalculadoraTest" time="0.0"/>
  <testcase name="Multiplicando :716" classname="CalculadoraTest" time="0.0"/>
  <testcase name="Multiplicando :717" classname="CalculadoraTest" time="0.0"/>
  <testcase name="Multiplicando :718" classname="CalculadoraTest" time="0.0"/>
  <testcase name="Multiplicando :719" classname="CalculadoraTest" time="0.001"/>
  <testcase name="Multiplicando :720" classname="CalculadoraTest" time="0.0"/>
  <testcase name="Multiplicando :721" classname="CalculadoraTest" time="0.001"/>
  <testcase name="Multiplicando :722" classname="CalculadoraTest" time="0.0"/>
  <testcase name="Multiplicando :723" classname="CalculadoraTest" time="0.0"/>
  <testcase name="Multiplicando :724" classname="CalculadoraTest" time="0.0"/>
  <testcase name="Multiplicando :725" classname="CalculadoraTest" time="0.0"/>
  <testcase name="Multiplicando :726" classname="CalculadoraTest" time="0.0"/>
  <testcase name="Multiplicando :727" classname="CalculadoraTest" time="0.001"/>
  <testcase name="Multiplicando :728" classname="CalculadoraTest" time="0.0"/>
  <testcase name="Multiplicando :729" classname="CalculadoraTest" time="0.001"/>
  <testcase name="Multiplicando :730" classname="CalculadoraTest" time="0.0"/>
  <testcase name="Multiplicando :731" classname="CalculadoraTest" time="0.0"/>
  <testcase name="Multiplicando :732" classname="CalculadoraTest" time="0.0"/>
  <testcase name="Multiplicando :733" classname="CalculadoraTest" time="0.0"/>
  <testcase name="Multiplicando :734" classname="CalculadoraTest" time="0.0"/>
  <testcase name="Multiplicando :735" classname="CalculadoraTest" time="0.0"/>
  <testcase name="Multiplicando :736" classname="CalculadoraTest" time="0.0"/>
  <testcase name="Multiplicando :737" classname="CalculadoraTest" time="0.0"/>
  <testcase name="Multiplicando :738" classname="CalculadoraTest" time="0.0"/>
  <testcase name="Multiplicando :739" classname="CalculadoraTest" time="0.0"/>
  <testcase name="Multiplicando :740" classname="CalculadoraTest" time="0.001"/>
  <testcase name="Multiplicando :741" classname="CalculadoraTest" time="0.001"/>
  <testcase name="Multiplicando :742" classname="CalculadoraTest" time="0.001"/>
  <testcase name="Multiplicando :743" classname="CalculadoraTest" time="0.001"/>
  <testcase name="Multiplicando :744" classname="CalculadoraTest" time="0.001"/>
  <testcase name="Multiplicando :745" classname="CalculadoraTest" time="0.0"/>
  <testcase name="Multiplicando :746" classname="CalculadoraTest" time="0.0"/>
  <testcase name="Multiplicando :747" classname="CalculadoraTest" time="0.002"/>
  <testcase name="Multiplicando :748" classname="CalculadoraTest" time="0.001"/>
  <testcase name="Multiplicando :749" classname="CalculadoraTest" time="0.001"/>
  <testcase name="Multiplicando :750" classname="CalculadoraTest" time="0.001"/>
  <testcase name="Multiplicando :751" classname="CalculadoraTest" time="0.0"/>
  <testcase name="Multiplicando :752" classname="CalculadoraTest" time="0.0"/>
  <testcase name="Multiplicando :753" classname="CalculadoraTest" time="0.001"/>
  <testcase name="Multiplicando :754" classname="CalculadoraTest" time="0.0"/>
  <testcase name="Multiplicando :755" classname="CalculadoraTest" time="0.0"/>
  <testcase name="Multiplicando :756" classname="CalculadoraTest" time="0.0"/>
  <testcase name="Multiplicando :757" classname="CalculadoraTest" time="0.0"/>
  <testcase name="Multiplicando :758" classname="CalculadoraTest" time="0.0"/>
  <testcase name="Multiplicando :759" classname="CalculadoraTest" time="0.0"/>
  <testcase name="Multiplicando :760" classname="CalculadoraTest" time="0.0"/>
  <testcase name="Multiplicando :761" classname="CalculadoraTest" time="0.001"/>
  <testcase name="Multiplicando :762" classname="CalculadoraTest" time="0.0"/>
  <testcase name="Multiplicando :763" classname="CalculadoraTest" time="0.0"/>
  <testcase name="Multiplicando :764" classname="CalculadoraTest" time="0.0"/>
  <testcase name="Multiplicando :765" classname="CalculadoraTest" time="0.004"/>
  <testcase name="Multiplicando :766" classname="CalculadoraTest" time="0.001"/>
  <testcase name="Multiplicando :767" classname="CalculadoraTest" time="0.0"/>
  <testcase name="Multiplicando :768" classname="CalculadoraTest" time="0.001"/>
  <testcase name="Multiplicando :769" classname="CalculadoraTest" time="0.001"/>
  <testcase name="Multiplicando :770" classname="CalculadoraTest" time="0.001"/>
  <testcase name="Multiplicando :771" classname="CalculadoraTest" time="0.0"/>
  <testcase name="Multiplicando :772" classname="CalculadoraTest" time="0.001"/>
  <testcase name="Multiplicando :773" classname="CalculadoraTest" time="0.0"/>
  <testcase name="Multiplicando :774" classname="CalculadoraTest" time="0.0"/>
  <testcase name="Multiplicando :775" classname="CalculadoraTest" time="0.0"/>
  <testcase name="Multiplicando :776" classname="CalculadoraTest" time="0.0"/>
  <testcase name="Multiplicando :777" classname="CalculadoraTest" time="0.0"/>
  <testcase name="Multiplicando :778" classname="CalculadoraTest" time="0.0"/>
  <testcase name="Multiplicando :779" classname="CalculadoraTest" time="0.0"/>
  <testcase name="Multiplicando :780" classname="CalculadoraTest" time="0.001"/>
  <testcase name="Multiplicando :781" classname="CalculadoraTest" time="0.0"/>
  <testcase name="Multiplicando :782" classname="CalculadoraTest" time="0.0"/>
  <testcase name="Multiplicando :783" classname="CalculadoraTest" time="0.0"/>
  <testcase name="Multiplicando :784" classname="CalculadoraTest" time="0.0"/>
  <testcase name="Multiplicando :785" classname="CalculadoraTest" time="0.001"/>
  <testcase name="Multiplicando :786" classname="CalculadoraTest" time="0.0"/>
  <testcase name="Multiplicando :787" classname="CalculadoraTest" time="0.0"/>
  <testcase name="Multiplicando :788" classname="CalculadoraTest" time="0.0"/>
  <testcase name="Multiplicando :789" classname="CalculadoraTest" time="0.0"/>
  <testcase name="Multiplicando :790" classname="CalculadoraTest" time="0.0"/>
  <testcase name="Multiplicando :791" classname="CalculadoraTest" time="0.0"/>
  <testcase name="Multiplicando :792" classname="CalculadoraTest" time="0.0"/>
  <testcase name="Multiplicando :793" classname="CalculadoraTest" time="0.0"/>
  <testcase name="Multiplicando :794" classname="CalculadoraTest" time="0.001"/>
  <testcase name="Multiplicando :795" classname="CalculadoraTest" time="0.0"/>
  <testcase name="Multiplicando :796" classname="CalculadoraTest" time="0.0"/>
  <testcase name="Multiplicando :797" classname="CalculadoraTest" time="0.0"/>
  <testcase name="Multiplicando :798" classname="CalculadoraTest" time="0.0"/>
  <testcase name="Multiplicando :799" classname="CalculadoraTest" time="0.0"/>
  <testcase name="Multiplicando :800" classname="CalculadoraTest" time="0.0"/>
  <testcase name="Multiplicando :801" classname="CalculadoraTest" time="0.0"/>
  <testcase name="Multiplicando :802" classname="CalculadoraTest" time="0.001"/>
  <testcase name="Multiplicando :803" classname="CalculadoraTest" time="0.0"/>
  <testcase name="Multiplicando :804" classname="CalculadoraTest" time="0.0"/>
  <testcase name="Multiplicando :805" classname="CalculadoraTest" time="0.0"/>
  <testcase name="Multiplicando :806" classname="CalculadoraTest" time="0.0"/>
  <testcase name="Multiplicando :807" classname="CalculadoraTest" time="0.0"/>
  <testcase name="Multiplicando :808" classname="CalculadoraTest" time="0.0"/>
  <testcase name="Multiplicando :809" classname="CalculadoraTest" time="0.0"/>
  <testcase name="Multiplicando :810" classname="CalculadoraTest" time="0.0"/>
  <testcase name="Multiplicando :811" classname="CalculadoraTest" time="0.001"/>
  <testcase name="Multiplicando :812" classname="CalculadoraTest" time="0.0"/>
  <testcase name="Multiplicando :813" classname="CalculadoraTest" time="0.003"/>
  <testcase name="Multiplicando :814" classname="CalculadoraTest" time="0.001"/>
  <testcase name="Multiplicando :815" classname="CalculadoraTest" time="0.0"/>
  <testcase name="Multiplicando :816" classname="CalculadoraTest" time="0.001"/>
  <testcase name="Multiplicando :817" classname="CalculadoraTest" time="0.0"/>
  <testcase name="Multiplicando :818" classname="CalculadoraTest" time="0.0"/>
  <testcase name="Multiplicando :819" classname="CalculadoraTest" time="0.001"/>
  <testcase name="Multiplicando :820" classname="CalculadoraTest" time="0.0"/>
  <testcase name="Multiplicando :821" classname="CalculadoraTest" time="0.0"/>
  <testcase name="Multiplicando :822" classname="CalculadoraTest" time="0.0"/>
  <testcase name="Multiplicando :823" classname="CalculadoraTest" time="0.001"/>
  <testcase name="Multiplicando :824" classname="CalculadoraTest" time="0.0"/>
  <testcase name="Multiplicando :825" classname="CalculadoraTest" time="0.0"/>
  <testcase name="Multiplicando :826" classname="CalculadoraTest" time="0.0"/>
  <testcase name="Multiplicando :827" classname="CalculadoraTest" time="0.0"/>
  <testcase name="Multiplicando :828" classname="CalculadoraTest" time="0.0"/>
  <testcase name="Multiplicando :829" classname="CalculadoraTest" time="0.001"/>
  <testcase name="Multiplicando :830" classname="CalculadoraTest" time="0.001"/>
  <testcase name="Multiplicando :831" classname="CalculadoraTest" time="0.0"/>
  <testcase name="Multiplicando :832" classname="CalculadoraTest" time="0.0"/>
  <testcase name="Multiplicando :833" classname="CalculadoraTest" time="0.0"/>
  <testcase name="Multiplicando :834" classname="CalculadoraTest" time="0.0"/>
  <testcase name="Multiplicando :835" classname="CalculadoraTest" time="0.001"/>
  <testcase name="Multiplicando :836" classname="CalculadoraTest" time="0.0"/>
  <testcase name="Multiplicando :837" classname="CalculadoraTest" time="0.001"/>
  <testcase name="Multiplicando :838" classname="CalculadoraTest" time="0.0"/>
  <testcase name="Multiplicando :839" classname="CalculadoraTest" time="0.0"/>
  <testcase name="Multiplicando :840" classname="CalculadoraTest" time="0.0"/>
  <testcase name="Multiplicando :841" classname="CalculadoraTest" time="0.0"/>
  <testcase name="Multiplicando :842" classname="CalculadoraTest" time="0.0"/>
  <testcase name="Multiplicando :843" classname="CalculadoraTest" time="0.0"/>
  <testcase name="Multiplicando :844" classname="CalculadoraTest" time="0.0"/>
  <testcase name="Multiplicando :845" classname="CalculadoraTest" time="0.0"/>
  <testcase name="Multiplicando :846" classname="CalculadoraTest" time="0.0"/>
  <testcase name="Multiplicando :847" classname="CalculadoraTest" time="0.0"/>
  <testcase name="Multiplicando :848" classname="CalculadoraTest" time="0.0"/>
  <testcase name="Multiplicando :849" classname="CalculadoraTest" time="0.0"/>
  <testcase name="Multiplicando :850" classname="CalculadoraTest" time="0.0"/>
  <testcase name="Multiplicando :851" classname="CalculadoraTest" time="0.0"/>
  <testcase name="Multiplicando :852" classname="CalculadoraTest" time="0.0"/>
  <testcase name="Multiplicando :853" classname="CalculadoraTest" time="0.0"/>
  <testcase name="Multiplicando :854" classname="CalculadoraTest" time="0.0"/>
  <testcase name="Multiplicando :855" classname="CalculadoraTest" time="0.0"/>
  <testcase name="Multiplicando :856" classname="CalculadoraTest" time="0.0"/>
  <testcase name="Multiplicando :857" classname="CalculadoraTest" time="0.0"/>
  <testcase name="Multiplicando :858" classname="CalculadoraTest" time="0.0"/>
  <testcase name="Multiplicando :859" classname="CalculadoraTest" time="0.0"/>
  <testcase name="Multiplicando :860" classname="CalculadoraTest" time="0.0"/>
  <testcase name="Multiplicando :861" classname="CalculadoraTest" time="0.0"/>
  <testcase name="Multiplicando :862" classname="CalculadoraTest" time="0.0"/>
  <testcase name="Multiplicando :863" classname="CalculadoraTest" time="0.001"/>
  <testcase name="Multiplicando :864" classname="CalculadoraTest" time="0.0"/>
  <testcase name="Multiplicando :865" classname="CalculadoraTest" time="0.0"/>
  <testcase name="Multiplicando :866" classname="CalculadoraTest" time="0.001"/>
  <testcase name="Multiplicando :867" classname="CalculadoraTest" time="0.0"/>
  <testcase name="Multiplicando :868" classname="CalculadoraTest" time="0.0"/>
  <testcase name="Multiplicando :869" classname="CalculadoraTest" time="0.0"/>
  <testcase name="Multiplicando :870" classname="CalculadoraTest" time="0.001"/>
  <testcase name="Multiplicando :871" classname="CalculadoraTest" time="0.0"/>
  <testcase name="Multiplicando :872" classname="CalculadoraTest" time="0.0"/>
  <testcase name="Multiplicando :873" classname="CalculadoraTest" time="0.0"/>
  <testcase name="Multiplicando :874" classname="CalculadoraTest" time="0.001"/>
  <testcase name="Multiplicando :875" classname="CalculadoraTest" time="0.0"/>
  <testcase name="Multiplicando :876" classname="CalculadoraTest" time="0.0"/>
  <testcase name="Multiplicando :877" classname="CalculadoraTest" time="0.0"/>
  <testcase name="Multiplicando :878" classname="CalculadoraTest" time="0.001"/>
  <testcase name="Multiplicando :879" classname="CalculadoraTest" time="0.0"/>
  <testcase name="Multiplicando :880" classname="CalculadoraTest" time="0.0"/>
  <testcase name="Multiplicando :881" classname="CalculadoraTest" time="0.001"/>
  <testcase name="Multiplicando :882" classname="CalculadoraTest" time="0.0"/>
  <testcase name="Multiplicando :883" classname="CalculadoraTest" time="0.0"/>
  <testcase name="Multiplicando :884" classname="CalculadoraTest" time="0.0"/>
  <testcase name="Multiplicando :885" classname="CalculadoraTest" time="0.0"/>
  <testcase name="Multiplicando :886" classname="CalculadoraTest" time="0.001"/>
  <testcase name="Multiplicando :887" classname="CalculadoraTest" time="0.001"/>
  <testcase name="Multiplicando :888" classname="CalculadoraTest" time="0.0"/>
  <testcase name="Multiplicando :889" classname="CalculadoraTest" time="0.0"/>
  <testcase name="Multiplicando :890" classname="CalculadoraTest" time="0.0"/>
  <testcase name="Multiplicando :891" classname="CalculadoraTest" time="0.0"/>
  <testcase name="Multiplicando :892" classname="CalculadoraTest" time="0.0"/>
  <testcase name="Multiplicando :893" classname="CalculadoraTest" time="0.0"/>
  <testcase name="Multiplicando :894" classname="CalculadoraTest" time="0.0"/>
  <testcase name="Multiplicando :895" classname="CalculadoraTest" time="0.001"/>
  <testcase name="Multiplicando :896" classname="CalculadoraTest" time="0.001"/>
  <testcase name="Multiplicando :897" classname="CalculadoraTest" time="0.0"/>
  <testcase name="Multiplicando :898" classname="CalculadoraTest" time="0.001"/>
  <testcase name="Multiplicando :899" classname="CalculadoraTest" time="0.0"/>
  <testcase name="Multiplicando :900" classname="CalculadoraTest" time="0.0"/>
  <testcase name="Multiplicando :901" classname="CalculadoraTest" time="0.0"/>
  <testcase name="Multiplicando :902" classname="CalculadoraTest" time="0.0"/>
  <testcase name="Multiplicando :903" classname="CalculadoraTest" time="0.0"/>
  <testcase name="Multiplicando :904" classname="CalculadoraTest" time="0.0"/>
  <testcase name="Multiplicando :905" classname="CalculadoraTest" time="0.0"/>
  <testcase name="Multiplicando :906" classname="CalculadoraTest" time="0.0"/>
  <testcase name="Multiplicando :907" classname="CalculadoraTest" time="0.0"/>
  <testcase name="Multiplicando :908" classname="CalculadoraTest" time="0.0"/>
  <testcase name="Multiplicando :909" classname="CalculadoraTest" time="0.0"/>
  <testcase name="Multiplicando :910" classname="CalculadoraTest" time="0.0"/>
  <testcase name="Multiplicando :911" classname="CalculadoraTest" time="0.0"/>
  <testcase name="Multiplicando :912" classname="CalculadoraTest" time="0.0"/>
  <testcase name="Multiplicando :913" classname="CalculadoraTest" time="0.0"/>
  <testcase name="Multiplicando :914" classname="CalculadoraTest" time="0.001"/>
  <testcase name="Multiplicando :915" classname="CalculadoraTest" time="0.0"/>
  <testcase name="Multiplicando :916" classname="CalculadoraTest" time="0.0"/>
  <testcase name="Multiplicando :917" classname="CalculadoraTest" time="0.0"/>
  <testcase name="Multiplicando :918" classname="CalculadoraTest" time="0.0"/>
  <testcase name="Multiplicando :919" classname="CalculadoraTest" time="0.0"/>
  <testcase name="Multiplicando :920" classname="CalculadoraTest" time="0.0"/>
  <testcase name="Multiplicando :921" classname="CalculadoraTest" time="0.0"/>
  <testcase name="Multiplicando :922" classname="CalculadoraTest" time="0.001"/>
  <testcase name="Multiplicando :923" classname="CalculadoraTest" time="0.0"/>
  <testcase name="Multiplicando :924" classname="CalculadoraTest" time="0.0"/>
  <testcase name="Multiplicando :925" classname="CalculadoraTest" time="0.0"/>
  <testcase name="Multiplicando :926" classname="CalculadoraTest" time="0.0"/>
  <testcase name="Multiplicando :927" classname="CalculadoraTest" time="0.0"/>
  <testcase name="Multiplicando :928" classname="CalculadoraTest" time="0.0"/>
  <testcase name="Multiplicando :929" classname="CalculadoraTest" time="0.0"/>
  <testcase name="Multiplicando :930" classname="CalculadoraTest" time="0.0"/>
  <testcase name="Multiplicando :931" classname="CalculadoraTest" time="0.0"/>
  <testcase name="Multiplicando :932" classname="CalculadoraTest" time="0.0"/>
  <testcase name="Multiplicando :933" classname="CalculadoraTest" time="0.0"/>
  <testcase name="Multiplicando :934" classname="CalculadoraTest" time="0.0"/>
  <testcase name="Multiplicando :935" classname="CalculadoraTest" time="0.001"/>
  <testcase name="Multiplicando :936" classname="CalculadoraTest" time="0.0"/>
  <testcase name="Multiplicando :937" classname="CalculadoraTest" time="0.0"/>
  <testcase name="Multiplicando :938" classname="CalculadoraTest" time="0.0"/>
  <testcase name="Multiplicando :939" classname="CalculadoraTest" time="0.0"/>
  <testcase name="Multiplicando :940" classname="CalculadoraTest" time="0.0"/>
  <testcase name="Multiplicando :941" classname="CalculadoraTest" time="0.0"/>
  <testcase name="Multiplicando :942" classname="CalculadoraTest" time="0.0"/>
  <testcase name="Multiplicando :943" classname="CalculadoraTest" time="0.0"/>
  <testcase name="Multiplicando :944" classname="CalculadoraTest" time="0.0"/>
  <testcase name="Multiplicando :945" classname="CalculadoraTest" time="0.0"/>
  <testcase name="Multiplicando :946" classname="CalculadoraTest" time="0.0"/>
  <testcase name="Multiplicando :947" classname="CalculadoraTest" time="0.0"/>
  <testcase name="Multiplicando :948" classname="CalculadoraTest" time="0.0"/>
  <testcase name="Multiplicando :949" classname="CalculadoraTest" time="0.0"/>
  <testcase name="Multiplicando :950" classname="CalculadoraTest" time="0.0"/>
  <testcase name="Multiplicando :951" classname="CalculadoraTest" time="0.0"/>
  <testcase name="Multiplicando :952" classname="CalculadoraTest" time="0.0"/>
  <testcase name="Multiplicando :953" classname="CalculadoraTest" time="0.0"/>
  <testcase name="Multiplicando :954" classname="CalculadoraTest" time="0.0"/>
  <testcase name="Multiplicando :955" classname="CalculadoraTest" time="0.0"/>
  <testcase name="Multiplicando :956" classname="CalculadoraTest" time="0.0"/>
  <testcase name="Multiplicando :957" classname="CalculadoraTest" time="0.0"/>
  <testcase name="Multiplicando :958" classname="CalculadoraTest" time="0.0"/>
  <testcase name="Multiplicando :959" classname="CalculadoraTest" time="0.0"/>
  <testcase name="Multiplicando :960" classname="CalculadoraTest" time="0.0"/>
  <testcase name="Multiplicando :961" classname="CalculadoraTest" time="0.0"/>
  <testcase name="Multiplicando :962" classname="CalculadoraTest" time="0.0"/>
  <testcase name="Multiplicando :963" classname="CalculadoraTest" time="0.0"/>
  <testcase name="Multiplicando :964" classname="CalculadoraTest" time="0.0"/>
  <testcase name="Multiplicando :965" classname="CalculadoraTest" time="0.0"/>
  <testcase name="Multiplicando :966" classname="CalculadoraTest" time="0.001"/>
  <testcase name="Multiplicando :967" classname="CalculadoraTest" time="0.0"/>
  <testcase name="Multiplicando :968" classname="CalculadoraTest" time="0.0"/>
  <testcase name="Multiplicando :969" classname="CalculadoraTest" time="0.0"/>
  <testcase name="Multiplicando :970" classname="CalculadoraTest" time="0.0"/>
  <testcase name="Multiplicando :971" classname="CalculadoraTest" time="0.001"/>
  <testcase name="Multiplicando :972" classname="CalculadoraTest" time="0.0"/>
  <testcase name="Multiplicando :973" classname="CalculadoraTest" time="0.0"/>
  <testcase name="Multiplicando :974" classname="CalculadoraTest" time="0.0"/>
  <testcase name="Multiplicando :975" classname="CalculadoraTest" time="0.001"/>
  <testcase name="Multiplicando :976" classname="CalculadoraTest" time="0.0"/>
  <testcase name="Multiplicando :977" classname="CalculadoraTest" time="0.0"/>
  <testcase name="Multiplicando :978" classname="CalculadoraTest" time="0.0"/>
  <testcase name="Multiplicando :979" classname="CalculadoraTest" time="0.0"/>
  <testcase name="Multiplicando :980" classname="CalculadoraTest" time="0.0"/>
  <testcase name="Multiplicando :981" classname="CalculadoraTest" time="0.0"/>
  <testcase name="Multiplicando :982" classname="CalculadoraTest" time="0.0"/>
  <testcase name="Multiplicando :983" classname="CalculadoraTest" time="0.0"/>
  <testcase name="Multiplicando :984" classname="CalculadoraTest" time="0.0"/>
  <testcase name="Multiplicando :985" classname="CalculadoraTest" time="0.0"/>
  <testcase name="Multiplicando :986" classname="CalculadoraTest" time="0.0"/>
  <testcase name="Multiplicando :987" classname="CalculadoraTest" time="0.0"/>
  <testcase name="Multiplicando :988" classname="CalculadoraTest" time="0.0"/>
  <testcase name="Multiplicando :989" classname="CalculadoraTest" time="0.0"/>
  <testcase name="Multiplicando :990" classname="CalculadoraTest" time="0.0"/>
  <testcase name="Multiplicando :991" classname="CalculadoraTest" time="0.0"/>
  <testcase name="Multiplicando :992" classname="CalculadoraTest" time="0.0"/>
  <testcase name="Multiplicando :993" classname="CalculadoraTest" time="0.0"/>
  <testcase name="Multiplicando :994" classname="CalculadoraTest" time="0.0"/>
  <testcase name="Multiplicando :995" classname="CalculadoraTest" time="0.0"/>
  <testcase name="Multiplicando :996" classname="CalculadoraTest" time="0.0"/>
  <testcase name="Multiplicando :997" classname="CalculadoraTest" time="0.0"/>
  <testcase name="Multiplicando :998" classname="CalculadoraTest" time="0.0"/>
  <testcase name="Multiplicando :999" classname="CalculadoraTest" time="0.0"/>
  <system-out><![CDATA[]]></system-out>
  <system-err><![CDATA[]]></system-err>
</testsuite>
